<?xml version="1.0" encoding="UTF-8"?>
<!-- Generated by org.testng.reporters.JUnitReportReporter -->
<testsuite hostname="vraj" failures="0" tests="1" name="vraj.ExtentReports.ExtentReportDemo" time="12.134" errors="0" timestamp="2024-08-15T20:47:35 IST" skipped="0">
  <testcase classname="vraj.ExtentReports.ExtentReportDemo" name="initialDemo" time="12.134"/>
  <system-out/>
</testsuite> <!-- vraj.ExtentReports.ExtentReportDemo -->
